Flow report for DM74LS244
Mon Sep 25 15:17:31 2023
Quartus II 64-Bit Version 13.0.1 Build 232 06/12/2013 Service Pack 1 SJ Web Edition


---------------------
; Table of Contents ;
---------------------
  1. Legal Notice
  2. Flow Summary
  3. Flow Settings
  4. Flow Non-Default Global Settings
  5. Flow Elapsed Time
  6. Flow OS Summary
  7. Flow Log
  8. Flow Messages
  9. Flow Suppressed Messages



----------------
; Legal Notice ;
----------------
Copyright (C) 1991-2013 Altera Corporation
Your use of Altera Corporation's design tools, logic functions 
and other software and tools, and its AMPP partner logic 
functions, and any output files from any of the foregoing 
(including device programming or simulation files), and any 
associated documentation or information are expressly subject 
to the terms and conditions of the Altera Program License 
Subscription Agreement, Altera MegaCore Function License 
Agreement, or other applicable license agreement, including, 
without limitation, that your use is for the sole purpose of 
programming logic devices manufactured by Altera and sold by 
Altera or its authorized distributors.  Please refer to the 
applicable agreement for further details.



+--------------------------------------------------------------------------------------+
; Flow Summary                                                                         ;
+------------------------------------+-------------------------------------------------+
; Flow Status                        ; Successful - Mon Sep 25 15:17:28 2023           ;
; Quartus II 64-Bit Version          ; 13.0.1 Build 232 06/12/2013 SP 1 SJ Web Edition ;
; Revision Name                      ; DM74LS244                                       ;
; Top-level Entity Name              ; DM74LS244_TriState                              ;
; Family                             ; Cyclone II                                      ;
; Device                             ; EP2C70F896C6                                    ;
; Timing Models                      ; Final                                           ;
; Total logic elements               ; 0 / 68,416 ( 0 % )                              ;
;     Total combinational functions  ; 0 / 68,416 ( 0 % )                              ;
;     Dedicated logic registers      ; 0 / 68,416 ( 0 % )                              ;
; Total registers                    ; 0                                               ;
; Total pins                         ; 18 / 622 ( 3 % )                                ;
; Total virtual pins                 ; 0                                               ;
; Total memory bits                  ; 0 / 1,152,000 ( 0 % )                           ;
; Embedded Multiplier 9-bit elements ; 0 / 300 ( 0 % )                                 ;
; Total PLLs                         ; 0 / 4 ( 0 % )                                   ;
+------------------------------------+-------------------------------------------------+


+-----------------------------------------+
; Flow Settings                           ;
+-------------------+---------------------+
; Option            ; Setting             ;
+-------------------+---------------------+
; Start date & time ; 09/25/2023 15:17:16 ;
; Main task         ; Compilation         ;
; Revision Name     ; DM74LS244           ;
+-------------------+---------------------+


+-------------------------------------------------------------------------------------------------------------------------------+
; Flow Non-Default Global Settings                                                                                              ;
+-------------------------------------+---------------------------------------+---------------+--------------------+------------+
; Assignment Name                     ; Value                                 ; Default Value ; Entity Name        ; Section Id ;
+-------------------------------------+---------------------------------------+---------------+--------------------+------------+
; COMPILER_SIGNATURE_ID               ; 817177284611.169566943510988          ; --            ; --                 ; --         ;
; MAX_CORE_JUNCTION_TEMP              ; 85                                    ; --            ; --                 ; --         ;
; MIN_CORE_JUNCTION_TEMP              ; 0                                     ; --            ; --                 ; --         ;
; PARTITION_COLOR                     ; 16764057                              ; --            ; DM74LS244_TriState ; Top        ;
; PARTITION_FITTER_PRESERVATION_LEVEL ; PLACEMENT_AND_ROUTING                 ; --            ; DM74LS244_TriState ; Top        ;
; PARTITION_NETLIST_TYPE              ; SOURCE                                ; --            ; DM74LS244_TriState ; Top        ;
; POWER_BOARD_THERMAL_MODEL           ; None (CONSERVATIVE)                   ; --            ; --                 ; --         ;
; POWER_PRESET_COOLING_SOLUTION       ; 23 MM HEAT SINK WITH 200 LFPM AIRFLOW ; --            ; --                 ; --         ;
; PROJECT_OUTPUT_DIRECTORY            ; output_files                          ; --            ; --                 ; --         ;
; TOP_LEVEL_ENTITY                    ; DM74LS244_TriState                    ; DM74LS244     ; --                 ; --         ;
+-------------------------------------+---------------------------------------+---------------+--------------------+------------+


+-------------------------------------------------------------------------------------------------------------------------------+
; Flow Elapsed Time                                                                                                             ;
+---------------------------+--------------+-------------------------+---------------------+------------------------------------+
; Module Name               ; Elapsed Time ; Average Processors Used ; Peak Virtual Memory ; Total CPU Time (on all processors) ;
+---------------------------+--------------+-------------------------+---------------------+------------------------------------+
; Analysis & Synthesis      ; 00:00:01     ; 1.0                     ; 4635 MB             ; 00:00:01                           ;
; Fitter                    ; 00:00:05     ; 1.0                     ; 4978 MB             ; 00:00:05                           ;
; Assembler                 ; 00:00:02     ; 1.0                     ; 4582 MB             ; 00:00:02                           ;
; TimeQuest Timing Analyzer ; 00:00:01     ; 1.0                     ; 4546 MB             ; 00:00:01                           ;
; Total                     ; 00:00:09     ; --                      ; --                  ; 00:00:09                           ;
+---------------------------+--------------+-------------------------+---------------------+------------------------------------+


+----------------------------------------------------------------------------------------+
; Flow OS Summary                                                                        ;
+---------------------------+------------------+-----------+------------+----------------+
; Module Name               ; Machine Hostname ; OS Name   ; OS Version ; Processor type ;
+---------------------------+------------------+-----------+------------+----------------+
; Analysis & Synthesis      ; PHY-GWH244-01    ; Windows 7 ; 6.2        ; x86_64         ;
; Fitter                    ; PHY-GWH244-01    ; Windows 7 ; 6.2        ; x86_64         ;
; Assembler                 ; PHY-GWH244-01    ; Windows 7 ; 6.2        ; x86_64         ;
; TimeQuest Timing Analyzer ; PHY-GWH244-01    ; Windows 7 ; 6.2        ; x86_64         ;
+---------------------------+------------------+-----------+------------+----------------+


------------
; Flow Log ;
------------
quartus_map --read_settings_files=on --write_settings_files=off DM74LS244_TriState -c DM74LS244
quartus_fit --read_settings_files=off --write_settings_files=off DM74LS244_TriState -c DM74LS244
quartus_asm --read_settings_files=off --write_settings_files=off DM74LS244_TriState -c DM74LS244
quartus_sta DM74LS244_TriState -c DM74LS244



