Flow report for scomp
Mon Jul 09 14:51:34 2007
Quartus II Version 7.1 Build 178 06/25/2007 Service Pack 1 SJ Web Edition


---------------------
; Table of Contents ;
---------------------
  1. Legal Notice
  2. Flow Summary
  3. Flow Settings
  4. Flow Non-Default Global Settings
  5. Flow Elapsed Time
  6. Flow Log



----------------
; Legal Notice ;
----------------
Copyright (C) 1991-2007 Altera Corporation
Your use of Altera Corporation's design tools, logic functions 
and other software and tools, and its AMPP partner logic 
functions, and any output files from any of the foregoing 
(including device programming or simulation files), and any 
associated documentation or information are expressly subject 
to the terms and conditions of the Altera Program License 
Subscription Agreement, Altera MegaCore Function License 
Agreement, or other applicable license agreement, including, 
without limitation, that your use is for the sole purpose of 
programming logic devices manufactured by Altera and sold by 
Altera or its authorized distributors.  Please refer to the 
applicable agreement for further details.



+-----------------------------------------------------------------------------------+
; Flow Summary                                                                      ;
+------------------------------------+----------------------------------------------+
; Flow Status                        ; Successful - Mon Jul 09 14:51:34 2007        ;
; Quartus II Version                 ; 7.1 Build 178 06/25/2007 SP 1 SJ Web Edition ;
; Revision Name                      ; scomp                                        ;
; Top-level Entity Name              ; SCOMP                                        ;
; Family                             ; Cyclone II                                   ;
; Device                             ; EP2C35F672C6                                 ;
; Timing Models                      ; Final                                        ;
; Met timing requirements            ; Yes                                          ;
; Total logic elements               ; 78 / 33,216 ( < 1 % )                        ;
;     Total combinational functions  ; 72 / 33,216 ( < 1 % )                        ;
;     Dedicated logic registers      ; 50 / 33,216 ( < 1 % )                        ;
; Total registers                    ; 50                                           ;
; Total pins                         ; 50 / 475 ( 11 % )                            ;
; Total virtual pins                 ; 0                                            ;
; Total memory bits                  ; 4,096 / 483,840 ( < 1 % )                    ;
; Embedded Multiplier 9-bit elements ; 0 / 70 ( 0 % )                               ;
; Total PLLs                         ; 0 / 4 ( 0 % )                                ;
+------------------------------------+----------------------------------------------+


+-----------------------------------------+
; Flow Settings                           ;
+-------------------+---------------------+
; Option            ; Setting             ;
+-------------------+---------------------+
; Start date & time ; 07/09/2007 14:50:50 ;
; Main task         ; Compilation         ;
; Revision Name     ; scomp               ;
+-------------------+---------------------+


+---------------------------------------------------------------------------------------+
; Flow Non-Default Global Settings                                                      ;
+------------------------------------+-------+---------------+-------------+------------+
; Assignment Name                    ; Value ; Default Value ; Entity Name ; Section Id ;
+------------------------------------+-------+---------------+-------------+------------+
; ALLOW_ANY_RAM_SIZE_FOR_RECOGNITION ; On    ; Off           ; --          ; --         ;
; AUTO_ENABLE_SMART_COMPILE          ; On    ; --            ; --          ; --         ;
; ENABLE_IP_DEBUG                    ; On    ; Off           ; --          ; --         ;
; ENABLE_SIGNALTAP                   ; Off   ; --            ; --          ; --         ;
; SAVE_DISK_SPACE                    ; Off   ; On            ; --          ; --         ;
+------------------------------------+-------+---------------+-------------+------------+


+----------------------------------------+
; Flow Elapsed Time                      ;
+-------------------------+--------------+
; Module Name             ; Elapsed Time ;
+-------------------------+--------------+
; Analysis & Synthesis    ; 00:00:03     ;
; Fitter                  ; 00:00:17     ;
; Assembler               ; 00:00:18     ;
; Classic Timing Analyzer ; 00:00:01     ;
; Total                   ; 00:00:39     ;
+-------------------------+--------------+


------------
; Flow Log ;
------------
quartus_map --read_settings_files=on --write_settings_files=off scomp -c scomp
quartus_fit --read_settings_files=off --write_settings_files=off scomp -c scomp
quartus_asm --read_settings_files=off --write_settings_files=off scomp -c scomp
quartus_tan --read_settings_files=off --write_settings_files=off scomp -c scomp --timing_analysis_only



