2005.07.06 10:45 B C:\qbooksoft\CHAP9\db\altsyncram_1h01.tdf --> users.ece.gatech.edu /RPDS3/qbooksoft/CHAP9/db altsyncram_1h01.tdf
2005.07.06 10:45 B C:\qbooksoft\CHAP9\db\altsyncram_7af2.tdf --> users.ece.gatech.edu /RPDS3/qbooksoft/CHAP9/db altsyncram_7af2.tdf
2005.07.06 10:45 B C:\qbooksoft\CHAP9\db\altsyncram_9bf2.tdf --> users.ece.gatech.edu /RPDS3/qbooksoft/CHAP9/db altsyncram_9bf2.tdf
2005.07.06 10:45 B C:\qbooksoft\CHAP9\db\altsyncram_sdk2.tdf --> users.ece.gatech.edu /RPDS3/qbooksoft/CHAP9/db altsyncram_sdk2.tdf
2005.07.06 10:45 B C:\qbooksoft\CHAP9\db\cntr_tu8.tdf --> users.ece.gatech.edu /RPDS3/qbooksoft/CHAP9/db cntr_tu8.tdf
2005.07.06 10:45 B C:\qbooksoft\CHAP9\db\cntr_vv8.tdf --> users.ece.gatech.edu /RPDS3/qbooksoft/CHAP9/db cntr_vv8.tdf
2005.07.06 10:45 B C:\qbooksoft\CHAP9\db\scomp.(0).cnf.cdb --> users.ece.gatech.edu /RPDS3/qbooksoft/CHAP9/db scomp.(0).cnf.cdb
2005.07.06 10:45 B C:\qbooksoft\CHAP9\db\scomp.(0).cnf.hdb --> users.ece.gatech.edu /RPDS3/qbooksoft/CHAP9/db scomp.(0).cnf.hdb
2005.07.06 10:45 B C:\qbooksoft\CHAP9\db\scomp.(1).cnf.cdb --> users.ece.gatech.edu /RPDS3/qbooksoft/CHAP9/db scomp.(1).cnf.cdb
2005.07.06 10:45 B C:\qbooksoft\CHAP9\db\scomp.(1).cnf.hdb --> users.ece.gatech.edu /RPDS3/qbooksoft/CHAP9/db scomp.(1).cnf.hdb
2005.07.06 10:45 B C:\qbooksoft\CHAP9\db\scomp.(2).cnf.cdb --> users.ece.gatech.edu /RPDS3/qbooksoft/CHAP9/db scomp.(2).cnf.cdb
2005.07.06 10:45 B C:\qbooksoft\CHAP9\db\scomp.(2).cnf.hdb --> users.ece.gatech.edu /RPDS3/qbooksoft/CHAP9/db scomp.(2).cnf.hdb
2005.07.06 10:45 B C:\qbooksoft\CHAP9\db\scomp.asm.qmsg --> users.ece.gatech.edu /RPDS3/qbooksoft/CHAP9/db scomp.asm.qmsg
2005.07.06 10:45 B C:\qbooksoft\CHAP9\db\scomp.cbx.xml --> users.ece.gatech.edu /RPDS3/qbooksoft/CHAP9/db scomp.cbx.xml
2005.07.06 10:45 B C:\qbooksoft\CHAP9\db\scomp.cmp.cdb --> users.ece.gatech.edu /RPDS3/qbooksoft/CHAP9/db scomp.cmp.cdb
2005.07.06 10:45 B C:\qbooksoft\CHAP9\db\scomp.cmp.hdb --> users.ece.gatech.edu /RPDS3/qbooksoft/CHAP9/db scomp.cmp.hdb
2005.07.06 10:45 B C:\qbooksoft\CHAP9\db\scomp.cmp.rdb --> users.ece.gatech.edu /RPDS3/qbooksoft/CHAP9/db scomp.cmp.rdb
2005.07.06 10:45 B C:\qbooksoft\CHAP9\db\scomp.cmp.tdb --> users.ece.gatech.edu /RPDS3/qbooksoft/CHAP9/db scomp.cmp.tdb
2005.07.06 10:45 B C:\qbooksoft\CHAP9\db\scomp.cmp0.ddb --> users.ece.gatech.edu /RPDS3/qbooksoft/CHAP9/db scomp.cmp0.ddb
2005.07.06 10:45 B C:\qbooksoft\CHAP9\db\scomp.db_info --> users.ece.gatech.edu /RPDS3/qbooksoft/CHAP9/db scomp.db_info
2005.07.06 10:45 B C:\qbooksoft\CHAP9\db\scomp.drc.qmsg --> users.ece.gatech.edu /RPDS3/qbooksoft/CHAP9/db scomp.drc.qmsg
2005.07.06 10:45 B C:\qbooksoft\CHAP9\db\scomp.eco.cdb --> users.ece.gatech.edu /RPDS3/qbooksoft/CHAP9/db scomp.eco.cdb
2005.07.06 10:45 B C:\qbooksoft\CHAP9\db\scomp.eds_overflow --> users.ece.gatech.edu /RPDS3/qbooksoft/CHAP9/db scomp.eds_overflow
2005.07.06 10:45 B C:\qbooksoft\CHAP9\db\scomp.fit.qmsg --> users.ece.gatech.edu /RPDS3/qbooksoft/CHAP9/db scomp.fit.qmsg
2005.07.06 10:45 B C:\qbooksoft\CHAP9\db\scomp.hier_info --> users.ece.gatech.edu /RPDS3/qbooksoft/CHAP9/db scomp.hier_info
2005.07.06 10:45 B C:\qbooksoft\CHAP9\db\scomp.hif --> users.ece.gatech.edu /RPDS3/qbooksoft/CHAP9/db scomp.hif
2005.07.06 10:45 B C:\qbooksoft\CHAP9\db\scomp.map.cdb --> users.ece.gatech.edu /RPDS3/qbooksoft/CHAP9/db scomp.map.cdb
2005.07.06 10:45 B C:\qbooksoft\CHAP9\db\scomp.map.hdb --> users.ece.gatech.edu /RPDS3/qbooksoft/CHAP9/db scomp.map.hdb
2005.07.06 10:45 B C:\qbooksoft\CHAP9\db\scomp.map.qmsg --> users.ece.gatech.edu /RPDS3/qbooksoft/CHAP9/db scomp.map.qmsg
2005.07.06 10:45 B C:\qbooksoft\CHAP9\db\scomp.pre_map.cdb --> users.ece.gatech.edu /RPDS3/qbooksoft/CHAP9/db scomp.pre_map.cdb
2005.07.06 10:45 B C:\qbooksoft\CHAP9\db\scomp.pre_map.hdb --> users.ece.gatech.edu /RPDS3/qbooksoft/CHAP9/db scomp.pre_map.hdb
2005.07.06 10:45 B C:\qbooksoft\CHAP9\db\scomp.psp --> users.ece.gatech.edu /RPDS3/qbooksoft/CHAP9/db scomp.psp
2005.07.06 10:45 B C:\qbooksoft\CHAP9\db\scomp.rtlv.hdb --> users.ece.gatech.edu /RPDS3/qbooksoft/CHAP9/db scomp.rtlv.hdb
2005.07.06 10:45 B C:\qbooksoft\CHAP9\db\scomp.rtlv_sg.cdb --> users.ece.gatech.edu /RPDS3/qbooksoft/CHAP9/db scomp.rtlv_sg.cdb
2005.07.06 10:45 B C:\qbooksoft\CHAP9\db\scomp.rtlv_sg_swap.cdb --> users.ece.gatech.edu /RPDS3/qbooksoft/CHAP9/db scomp.rtlv_sg_swap.cdb
2005.07.06 10:45 B C:\qbooksoft\CHAP9\db\scomp.sgdiff.cdb --> users.ece.gatech.edu /RPDS3/qbooksoft/CHAP9/db scomp.sgdiff.cdb
2005.07.06 10:45 B C:\qbooksoft\CHAP9\db\scomp.sgdiff.hdb --> users.ece.gatech.edu /RPDS3/qbooksoft/CHAP9/db scomp.sgdiff.hdb
2005.07.06 10:45 B C:\qbooksoft\CHAP9\db\scomp.signalprobe.cdb --> users.ece.gatech.edu /RPDS3/qbooksoft/CHAP9/db scomp.signalprobe.cdb
2005.07.06 10:45 B C:\qbooksoft\CHAP9\db\scomp.sim.hdb --> users.ece.gatech.edu /RPDS3/qbooksoft/CHAP9/db scomp.sim.hdb
2005.07.06 10:45 B C:\qbooksoft\CHAP9\db\scomp.sim.qmsg --> users.ece.gatech.edu /RPDS3/qbooksoft/CHAP9/db scomp.sim.qmsg
2005.07.06 10:45 B C:\qbooksoft\CHAP9\db\scomp.sim.rdb --> users.ece.gatech.edu /RPDS3/qbooksoft/CHAP9/db scomp.sim.rdb
2005.07.06 10:45 B C:\qbooksoft\CHAP9\db\scomp.sim.vwf --> users.ece.gatech.edu /RPDS3/qbooksoft/CHAP9/db scomp.sim.vwf
2005.07.06 10:45 B C:\qbooksoft\CHAP9\db\scomp.sld_design_entry.sci --> users.ece.gatech.edu /RPDS3/qbooksoft/CHAP9/db scomp.sld_design_entry.sci
2005.07.06 10:45 B C:\qbooksoft\CHAP9\db\scomp.sld_design_entry_dsc.sci --> users.ece.gatech.edu /RPDS3/qbooksoft/CHAP9/db scomp.sld_design_entry_dsc.sci
2005.07.06 10:45 B C:\qbooksoft\CHAP9\db\scomp.smp_dump.txt --> users.ece.gatech.edu /RPDS3/qbooksoft/CHAP9/db scomp.smp_dump.txt
2005.07.06 10:45 B C:\qbooksoft\CHAP9\db\scomp.syn_hier_info --> users.ece.gatech.edu /RPDS3/qbooksoft/CHAP9/db scomp.syn_hier_info
2005.07.06 10:45 B C:\qbooksoft\CHAP9\db\scomp.tan.qmsg --> users.ece.gatech.edu /RPDS3/qbooksoft/CHAP9/db scomp.tan.qmsg
2005.07.06 10:45 B C:\qbooksoft\CHAP9\db\scomp_cmp.qrpt --> users.ece.gatech.edu /RPDS3/qbooksoft/CHAP9/db scomp_cmp.qrpt
2005.07.06 10:45 B C:\qbooksoft\CHAP9\db\scomp_sim.qrpt --> users.ece.gatech.edu /RPDS3/qbooksoft/CHAP9/db scomp_sim.qrpt
