Analysis & Synthesis report for scomp
Mon Jul 09 14:50:53 2007
Quartus II Version 7.1 Build 178 06/25/2007 Service Pack 1 SJ Web Edition


---------------------
; Table of Contents ;
---------------------
  1. Legal Notice
  2. Analysis & Synthesis Summary
  3. Analysis & Synthesis Settings
  4. Analysis & Synthesis Source Files Read
  5. Analysis & Synthesis Resource Usage Summary
  6. Analysis & Synthesis Resource Utilization by Entity
  7. Analysis & Synthesis RAM Summary
  8. State Machine - |SCOMP|state
  9. General Register Statistics
 10. Multiplexer Restructuring Statistics (Restructuring Performed)
 11. Source assignments for altsyncram:memory|altsyncram_91h3:auto_generated
 12. Parameter Settings for User Entity Instance: altsyncram:memory
 13. Analysis & Synthesis Equations
 14. Analysis & Synthesis Messages



----------------
; Legal Notice ;
----------------
Copyright (C) 1991-2007 Altera Corporation
Your use of Altera Corporation's design tools, logic functions 
and other software and tools, and its AMPP partner logic 
functions, and any output files from any of the foregoing 
(including device programming or simulation files), and any 
associated documentation or information are expressly subject 
to the terms and conditions of the Altera Program License 
Subscription Agreement, Altera MegaCore Function License 
Agreement, or other applicable license agreement, including, 
without limitation, that your use is for the sole purpose of 
programming logic devices manufactured by Altera and sold by 
Altera or its authorized distributors.  Please refer to the 
applicable agreement for further details.



+-----------------------------------------------------------------------------------+
; Analysis & Synthesis Summary                                                      ;
+------------------------------------+----------------------------------------------+
; Analysis & Synthesis Status        ; Successful - Mon Jul 09 14:50:53 2007        ;
; Quartus II Version                 ; 7.1 Build 178 06/25/2007 SP 1 SJ Web Edition ;
; Revision Name                      ; scomp                                        ;
; Top-level Entity Name              ; SCOMP                                        ;
; Family                             ; Cyclone II                                   ;
; Total logic elements               ; 71                                           ;
;     Total combinational functions  ; 71                                           ;
;     Dedicated logic registers      ; 50                                           ;
; Total registers                    ; 50                                           ;
; Total pins                         ; 50                                           ;
; Total virtual pins                 ; 0                                            ;
; Total memory bits                  ; 4,096                                        ;
; Embedded Multiplier 9-bit elements ; 0                                            ;
; Total PLLs                         ; 0                                            ;
+------------------------------------+----------------------------------------------+


+--------------------------------------------------------------------------------------------------------------------------+
; Analysis & Synthesis Settings                                                                                            ;
+--------------------------------------------------------------------------------+--------------------+--------------------+
; Option                                                                         ; Setting            ; Default Value      ;
+--------------------------------------------------------------------------------+--------------------+--------------------+
; Device                                                                         ; EP2C35F672C6       ;                    ;
; Top-level entity name                                                          ; scomp              ; scomp              ;
; Family name                                                                    ; Cyclone II         ; Stratix            ;
; Create Debugging Nodes for IP Cores                                            ; On                 ; Off                ;
; Preserve fewer node names                                                      ; Off                ; On                 ;
; Allow Any RAM Size For Recognition                                             ; On                 ; Off                ;
; Restructure Multiplexers                                                       ; Auto               ; Auto               ;
; Disable OpenCore Plus hardware evaluation                                      ; Off                ; Off                ;
; Verilog Version                                                                ; Verilog_2001       ; Verilog_2001       ;
; VHDL Version                                                                   ; VHDL93             ; VHDL93             ;
; State Machine Processing                                                       ; Auto               ; Auto               ;
; Safe State Machine                                                             ; Off                ; Off                ;
; Extract Verilog State Machines                                                 ; On                 ; On                 ;
; Extract VHDL State Machines                                                    ; On                 ; On                 ;
; Ignore Verilog initial constructs                                              ; Off                ; Off                ;
; Add Pass-Through Logic to Inferred RAMs                                        ; On                 ; On                 ;
; DSP Block Balancing                                                            ; Auto               ; Auto               ;
; Maximum DSP Block Usage                                                        ; Unlimited          ; Unlimited          ;
; NOT Gate Push-Back                                                             ; On                 ; On                 ;
; Power-Up Don't Care                                                            ; On                 ; On                 ;
; Remove Redundant Logic Cells                                                   ; Off                ; Off                ;
; Remove Duplicate Registers                                                     ; On                 ; On                 ;
; Ignore CARRY Buffers                                                           ; Off                ; Off                ;
; Ignore CASCADE Buffers                                                         ; Off                ; Off                ;
; Ignore GLOBAL Buffers                                                          ; Off                ; Off                ;
; Ignore ROW GLOBAL Buffers                                                      ; Off                ; Off                ;
; Ignore LCELL Buffers                                                           ; Off                ; Off                ;
; Ignore SOFT Buffers                                                            ; On                 ; On                 ;
; Limit AHDL Integers to 32 Bits                                                 ; Off                ; Off                ;
; Optimization Technique -- Cyclone II/Cyclone III                               ; Balanced           ; Balanced           ;
; Carry Chain Length -- Stratix/Stratix GX/Cyclone/MAX II/Cyclone II/Cyclone III ; 70                 ; 70                 ;
; Auto Carry Chains                                                              ; On                 ; On                 ;
; Auto Open-Drain Pins                                                           ; On                 ; On                 ;
; Perform WYSIWYG Primitive Resynthesis                                          ; Off                ; Off                ;
; Perform gate-level register retiming                                           ; Off                ; Off                ;
; Allow register retiming to trade off Tsu/Tco with Fmax                         ; On                 ; On                 ;
; Auto ROM Replacement                                                           ; On                 ; On                 ;
; Auto RAM Replacement                                                           ; On                 ; On                 ;
; Auto Shift Register Replacement                                                ; Auto               ; Auto               ;
; Auto Clock Enable Replacement                                                  ; On                 ; On                 ;
; Allow Synchronous Control Signals                                              ; On                 ; On                 ;
; Force Use of Synchronous Clear Signals                                         ; Off                ; Off                ;
; Auto RAM to Logic Cell Conversion                                              ; Off                ; Off                ;
; Auto Resource Sharing                                                          ; Off                ; Off                ;
; Allow Any ROM Size For Recognition                                             ; Off                ; Off                ;
; Allow Any Shift Register Size For Recognition                                  ; Off                ; Off                ;
; Maximum Number of M4K/M9K Memory Blocks                                        ; Unlimited          ; Unlimited          ;
; Ignore translate_off and synthesis_off directives                              ; Off                ; Off                ;
; Show Parameter Settings Tables in Synthesis Report                             ; On                 ; On                 ;
; Ignore Maximum Fan-Out Assignments                                             ; Off                ; Off                ;
; Retiming Meta-Stability Register Sequence Length                               ; 2                  ; 2                  ;
; PowerPlay Power Optimization                                                   ; Normal compilation ; Normal compilation ;
; HDL message level                                                              ; Level2             ; Level2             ;
; Suppress Register Optimization Related Messages                                ; Off                ; Off                ;
; Number of Removed Registers Reported in Synthesis Report                       ; 100                ; 100                ;
; Clock MUX Protection                                                           ; On                 ; On                 ;
; Use smart compilation                                                          ; Off                ; Off                ;
+--------------------------------------------------------------------------------+--------------------+--------------------+


+-----------------------------------------------------------------------------------------------------------------------------------------------------------+
; Analysis & Synthesis Source Files Read                                                                                                                    ;
+----------------------------------+-----------------+------------------------------+-----------------------------------------------------------------------+
; File Name with User-Entered Path ; Used in Netlist ; File Type                    ; File Name with Absolute Path                                          ;
+----------------------------------+-----------------+------------------------------+-----------------------------------------------------------------------+
; scomp.vhd                        ; yes             ; User VHDL File               ; C:/DVD_image/booksoft_fe/DE2/CHAP9/scomp.vhd                          ;
; altsyncram.tdf                   ; yes             ; Megafunction                 ; c:/altera/71sp1/quartus/libraries/megafunctions/altsyncram.tdf        ;
; stratix_ram_block.inc            ; yes             ; Megafunction                 ; c:/altera/71sp1/quartus/libraries/megafunctions/stratix_ram_block.inc ;
; lpm_mux.inc                      ; yes             ; Megafunction                 ; c:/altera/71sp1/quartus/libraries/megafunctions/lpm_mux.inc           ;
; lpm_decode.inc                   ; yes             ; Megafunction                 ; c:/altera/71sp1/quartus/libraries/megafunctions/lpm_decode.inc        ;
; aglobal71.inc                    ; yes             ; Megafunction                 ; c:/altera/71sp1/quartus/libraries/megafunctions/aglobal71.inc         ;
; a_rdenreg.inc                    ; yes             ; Megafunction                 ; c:/altera/71sp1/quartus/libraries/megafunctions/a_rdenreg.inc         ;
; altrom.inc                       ; yes             ; Megafunction                 ; c:/altera/71sp1/quartus/libraries/megafunctions/altrom.inc            ;
; altram.inc                       ; yes             ; Megafunction                 ; c:/altera/71sp1/quartus/libraries/megafunctions/altram.inc            ;
; altdpram.inc                     ; yes             ; Megafunction                 ; c:/altera/71sp1/quartus/libraries/megafunctions/altdpram.inc          ;
; altqpram.inc                     ; yes             ; Megafunction                 ; c:/altera/71sp1/quartus/libraries/megafunctions/altqpram.inc          ;
; db/altsyncram_91h3.tdf           ; yes             ; Auto-Generated Megafunction  ; C:/DVD_image/booksoft_fe/DE2/CHAP9/db/altsyncram_91h3.tdf             ;
+----------------------------------+-----------------+------------------------------+-----------------------------------------------------------------------+


+-----------------------------------------------------+
; Analysis & Synthesis Resource Usage Summary         ;
+---------------------------------------------+-------+
; Resource                                    ; Usage ;
+---------------------------------------------+-------+
; Estimated Total logic elements              ; 71    ;
;                                             ;       ;
; Total combinational functions               ; 71    ;
; Logic element usage by number of LUT inputs ;       ;
;     -- 4 input functions                    ; 43    ;
;     -- 3 input functions                    ; 17    ;
;     -- <=2 input functions                  ; 11    ;
;                                             ;       ;
; Logic elements by mode                      ;       ;
;     -- normal mode                          ; 49    ;
;     -- arithmetic mode                      ; 22    ;
;                                             ;       ;
; Total registers                             ; 50    ;
;     -- Dedicated logic registers            ; 50    ;
;     -- I/O registers                        ; 0     ;
;                                             ;       ;
; I/O pins                                    ; 50    ;
; Total memory bits                           ; 4096  ;
; Maximum fan-out node                        ; clock ;
; Maximum fan-out                             ; 66    ;
; Total fan-out                               ; 616   ;
; Average fan-out                             ; 3.29  ;
+---------------------------------------------+-------+


+-----------------------------------------------------------------------------------------------------------------------------------------------------------------------------------------------------------------------------+
; Analysis & Synthesis Resource Utilization by Entity                                                                                                                                                                         ;
+----------------------------------------+-------------------+--------------+-------------+--------------+---------+-----------+------+--------------+---------------------------------------------------------+--------------+
; Compilation Hierarchy Node             ; LC Combinationals ; LC Registers ; Memory Bits ; DSP Elements ; DSP 9x9 ; DSP 18x18 ; Pins ; Virtual Pins ; Full Hierarchy Name                                     ; Library Name ;
+----------------------------------------+-------------------+--------------+-------------+--------------+---------+-----------+------+--------------+---------------------------------------------------------+--------------+
; |SCOMP                                 ; 71 (71)           ; 50 (50)      ; 4096        ; 0            ; 0       ; 0         ; 50   ; 0            ; |SCOMP                                                  ; work         ;
;    |altsyncram:memory|                 ; 0 (0)             ; 0 (0)        ; 4096        ; 0            ; 0       ; 0         ; 0    ; 0            ; |SCOMP|altsyncram:memory                                ; work         ;
;       |altsyncram_91h3:auto_generated| ; 0 (0)             ; 0 (0)        ; 4096        ; 0            ; 0       ; 0         ; 0    ; 0            ; |SCOMP|altsyncram:memory|altsyncram_91h3:auto_generated ; work         ;
+----------------------------------------+-------------------+--------------+-------------+--------------+---------+-----------+------+--------------+---------------------------------------------------------+--------------+
Note: For table entries with two numbers listed, the numbers in parentheses indicate the number of resources of the given type used by the specific entity alone. The numbers listed outside of parentheses indicate the total resources of the given type used by the specific entity and all of its sub-entities in the hierarchy.


+-------------------------------------------------------------------------------------------------------------------------------------------------------------------+
; Analysis & Synthesis RAM Summary                                                                                                                                  ;
+-------------------------------------------------------------+------+-------------+--------------+--------------+--------------+--------------+------+-------------+
; Name                                                        ; Type ; Mode        ; Port A Depth ; Port A Width ; Port B Depth ; Port B Width ; Size ; MIF         ;
+-------------------------------------------------------------+------+-------------+--------------+--------------+--------------+--------------+------+-------------+
; altsyncram:memory|altsyncram_91h3:auto_generated|ALTSYNCRAM ; AUTO ; Single Port ; 256          ; 16           ; --           ; --           ; 4096 ; program.mif ;
+-------------------------------------------------------------+------+-------------+--------------+--------------+--------------+--------------+------+-------------+


Encoding Type:  One-Hot
+------------------------------------------------------------------------------------------------------------------------------------------------------------------------------------------------------+
; State Machine - |SCOMP|state                                                                                                                                                                         ;
+----------------------+--------------------+----------------------+----------------------+---------------------+--------------------+-------------------+--------------+-------------+----------------+
; Name                 ; state.execute_jump ; state.execute_store2 ; state.execute_store3 ; state.execute_store ; state.execute_load ; state.execute_add ; state.decode ; state.fetch ; state.reset_pc ;
+----------------------+--------------------+----------------------+----------------------+---------------------+--------------------+-------------------+--------------+-------------+----------------+
; state.reset_pc       ; 0                  ; 0                    ; 0                    ; 0                   ; 0                  ; 0                 ; 0            ; 0           ; 0              ;
; state.fetch          ; 0                  ; 0                    ; 0                    ; 0                   ; 0                  ; 0                 ; 0            ; 1           ; 1              ;
; state.decode         ; 0                  ; 0                    ; 0                    ; 0                   ; 0                  ; 0                 ; 1            ; 0           ; 1              ;
; state.execute_add    ; 0                  ; 0                    ; 0                    ; 0                   ; 0                  ; 1                 ; 0            ; 0           ; 1              ;
; state.execute_load   ; 0                  ; 0                    ; 0                    ; 0                   ; 1                  ; 0                 ; 0            ; 0           ; 1              ;
; state.execute_store  ; 0                  ; 0                    ; 0                    ; 1                   ; 0                  ; 0                 ; 0            ; 0           ; 1              ;
; state.execute_store3 ; 0                  ; 0                    ; 1                    ; 0                   ; 0                  ; 0                 ; 0            ; 0           ; 1              ;
; state.execute_store2 ; 0                  ; 1                    ; 0                    ; 0                   ; 0                  ; 0                 ; 0            ; 0           ; 1              ;
; state.execute_jump   ; 1                  ; 0                    ; 0                    ; 0                   ; 0                  ; 0                 ; 0            ; 0           ; 1              ;
+----------------------+--------------------+----------------------+----------------------+---------------------+--------------------+-------------------+--------------+-------------+----------------+


+------------------------------------------------------+
; General Register Statistics                          ;
+----------------------------------------------+-------+
; Statistic                                    ; Value ;
+----------------------------------------------+-------+
; Total registers                              ; 50    ;
; Number of registers using Synchronous Clear  ; 0     ;
; Number of registers using Synchronous Load   ; 0     ;
; Number of registers using Asynchronous Clear ; 9     ;
; Number of registers using Asynchronous Load  ; 0     ;
; Number of registers using Clock Enable       ; 40    ;
; Number of registers using Preset             ; 0     ;
+----------------------------------------------+-------+


+------------------------------------------------------------------------------------------------------------------------------------------+
; Multiplexer Restructuring Statistics (Restructuring Performed)                                                                           ;
+--------------------+-----------+---------------+----------------------+------------------------+------------+----------------------------+
; Multiplexer Inputs ; Bus Width ; Baseline Area ; Area if Restructured ; Saving if Restructured ; Registered ; Example Multiplexer Output ;
+--------------------+-----------+---------------+----------------------+------------------------+------------+----------------------------+
; 4:1                ; 16 bits   ; 32 LEs        ; 32 LEs               ; 0 LEs                  ; Yes        ; |SCOMP|register_AC[0]      ;
; 4:1                ; 8 bits    ; 16 LEs        ; 16 LEs               ; 0 LEs                  ; Yes        ; |SCOMP|program_counter[0]  ;
+--------------------+-----------+---------------+----------------------+------------------------+------------+----------------------------+


+-------------------------------------------------------------------------+
; Source assignments for altsyncram:memory|altsyncram_91h3:auto_generated ;
+---------------------------------+--------------------+------+-----------+
; Assignment                      ; Value              ; From ; To        ;
+---------------------------------+--------------------+------+-----------+
; OPTIMIZE_POWER_DURING_SYNTHESIS ; NORMAL_COMPILATION ; -    ; -         ;
+---------------------------------+--------------------+------+-----------+


+----------------------------------------------------------------------------+
; Parameter Settings for User Entity Instance: altsyncram:memory             ;
+------------------------------------+----------------------+----------------+
; Parameter Name                     ; Value                ; Type           ;
+------------------------------------+----------------------+----------------+
; BYTE_SIZE_BLOCK                    ; 8                    ; Untyped        ;
; AUTO_CARRY_CHAINS                  ; ON                   ; AUTO_CARRY     ;
; IGNORE_CARRY_BUFFERS               ; OFF                  ; IGNORE_CARRY   ;
; AUTO_CASCADE_CHAINS                ; ON                   ; AUTO_CASCADE   ;
; IGNORE_CASCADE_BUFFERS             ; OFF                  ; IGNORE_CASCADE ;
; WIDTH_BYTEENA                      ; 1                    ; Untyped        ;
; OPERATION_MODE                     ; SINGLE_PORT          ; Untyped        ;
; WIDTH_A                            ; 16                   ; Signed Integer ;
; WIDTHAD_A                          ; 8                    ; Signed Integer ;
; NUMWORDS_A                         ; 0                    ; Signed Integer ;
; OUTDATA_REG_A                      ; UNREGISTERED         ; Untyped        ;
; ADDRESS_ACLR_A                     ; NONE                 ; Untyped        ;
; OUTDATA_ACLR_A                     ; NONE                 ; Untyped        ;
; WRCONTROL_ACLR_A                   ; NONE                 ; Untyped        ;
; INDATA_ACLR_A                      ; NONE                 ; Untyped        ;
; BYTEENA_ACLR_A                     ; NONE                 ; Untyped        ;
; WIDTH_B                            ; 1                    ; Signed Integer ;
; WIDTHAD_B                          ; 1                    ; Signed Integer ;
; NUMWORDS_B                         ; 0                    ; Signed Integer ;
; INDATA_REG_B                       ; CLOCK1               ; Untyped        ;
; WRCONTROL_WRADDRESS_REG_B          ; CLOCK1               ; Untyped        ;
; RDCONTROL_REG_B                    ; CLOCK1               ; Untyped        ;
; ADDRESS_REG_B                      ; CLOCK1               ; Untyped        ;
; OUTDATA_REG_B                      ; UNREGISTERED         ; Untyped        ;
; BYTEENA_REG_B                      ; CLOCK1               ; Untyped        ;
; INDATA_ACLR_B                      ; NONE                 ; Untyped        ;
; WRCONTROL_ACLR_B                   ; NONE                 ; Untyped        ;
; ADDRESS_ACLR_B                     ; NONE                 ; Untyped        ;
; OUTDATA_ACLR_B                     ; NONE                 ; Untyped        ;
; RDCONTROL_ACLR_B                   ; NONE                 ; Untyped        ;
; BYTEENA_ACLR_B                     ; NONE                 ; Untyped        ;
; WIDTH_BYTEENA_A                    ; 1                    ; Signed Integer ;
; WIDTH_BYTEENA_B                    ; 1                    ; Signed Integer ;
; RAM_BLOCK_TYPE                     ; AUTO                 ; Untyped        ;
; BYTE_SIZE                          ; 8                    ; Signed Integer ;
; READ_DURING_WRITE_MODE_MIXED_PORTS ; DONT_CARE            ; Untyped        ;
; READ_DURING_WRITE_MODE_PORT_A      ; NEW_DATA_NO_NBE_READ ; Untyped        ;
; READ_DURING_WRITE_MODE_PORT_B      ; NEW_DATA_NO_NBE_READ ; Untyped        ;
; INIT_FILE                          ; program.mif          ; Untyped        ;
; INIT_FILE_LAYOUT                   ; PORT_A               ; Untyped        ;
; MAXIMUM_DEPTH                      ; 0                    ; Signed Integer ;
; CLOCK_ENABLE_INPUT_A               ; NORMAL               ; Untyped        ;
; CLOCK_ENABLE_INPUT_B               ; NORMAL               ; Untyped        ;
; CLOCK_ENABLE_OUTPUT_A              ; NORMAL               ; Untyped        ;
; CLOCK_ENABLE_OUTPUT_B              ; NORMAL               ; Untyped        ;
; CLOCK_ENABLE_CORE_A                ; USE_INPUT_CLKEN      ; Untyped        ;
; CLOCK_ENABLE_CORE_B                ; USE_INPUT_CLKEN      ; Untyped        ;
; ENABLE_ECC                         ; FALSE                ; Untyped        ;
; DEVICE_FAMILY                      ; Cyclone II           ; Untyped        ;
; CBXI_PARAMETER                     ; altsyncram_91h3      ; Untyped        ;
+------------------------------------+----------------------+----------------+
Note: In order to hide this table in the UI and the text report file, please set the "Show Parameter Settings Tables in Synthesis Report" option in "Analysis and Synthesis Settings -> More Settings" to "Off".


+--------------------------------+
; Analysis & Synthesis Equations ;
+--------------------------------+
The equations can be found in C:/DVD_image/booksoft_fe/DE2/CHAP9/scomp.map.eqn.


+-------------------------------+
; Analysis & Synthesis Messages ;
+-------------------------------+
Info: *******************************************************************
Info: Running Quartus II Analysis & Synthesis
    Info: Version 7.1 Build 178 06/25/2007 Service Pack 1 SJ Web Edition
    Info: Processing started: Mon Jul 09 14:50:50 2007
Info: Command: quartus_map --read_settings_files=on --write_settings_files=off scomp -c scomp
Info: Found 2 design units, including 1 entities, in source file scomp.vhd
    Info: Found design unit 1: scomp-a
    Info: Found entity 1: SCOMP
Info: Elaborating entity "scomp" for the top level hierarchy
Info: Found 1 design units, including 1 entities, in source file ../../../../altera/71sp1/quartus/libraries/megafunctions/altsyncram.tdf
    Info: Found entity 1: altsyncram
Info: Elaborating entity "altsyncram" for hierarchy "altsyncram:memory"
Info: Elaborated megafunction instantiation "altsyncram:memory"
Info: Found 1 design units, including 1 entities, in source file db/altsyncram_91h3.tdf
    Info: Found entity 1: altsyncram_91h3
Info: Elaborating entity "altsyncram_91h3" for hierarchy "altsyncram:memory|altsyncram_91h3:auto_generated"
Info: State machine "|SCOMP|state" contains 9 states
Info: Selected Auto state machine encoding method for state machine "|SCOMP|state"
Info: Encoding result for state machine "|SCOMP|state"
    Info: Completed encoding using 9 state bits
        Info: Encoded state bit "state.execute_jump"
        Info: Encoded state bit "state.execute_store2"
        Info: Encoded state bit "state.execute_store3"
        Info: Encoded state bit "state.execute_store"
        Info: Encoded state bit "state.execute_load"
        Info: Encoded state bit "state.execute_add"
        Info: Encoded state bit "state.decode"
        Info: Encoded state bit "state.fetch"
        Info: Encoded state bit "state.reset_pc"
    Info: State "|SCOMP|state.reset_pc" uses code string "000000000"
    Info: State "|SCOMP|state.fetch" uses code string "000000011"
    Info: State "|SCOMP|state.decode" uses code string "000000101"
    Info: State "|SCOMP|state.execute_add" uses code string "000001001"
    Info: State "|SCOMP|state.execute_load" uses code string "000010001"
    Info: State "|SCOMP|state.execute_store" uses code string "000100001"
    Info: State "|SCOMP|state.execute_store3" uses code string "001000001"
    Info: State "|SCOMP|state.execute_store2" uses code string "010000001"
    Info: State "|SCOMP|state.execute_jump" uses code string "100000001"
Info: Implemented 157 device resources after synthesis - the final resource count might be different
    Info: Implemented 2 input pins
    Info: Implemented 48 output pins
    Info: Implemented 91 logic cells
    Info: Implemented 16 RAM segments
Info: Quartus II Analysis & Synthesis was successful. 0 errors, 0 warnings
    Info: Allocated 166 megabytes of memory during processing
    Info: Processing ended: Mon Jul 09 14:50:54 2007
    Info: Elapsed time: 00:00:04


