Simulator report for scomp
Mon Jul 09 14:51:38 2007
Quartus II Version 7.1 Build 178 06/25/2007 Service Pack 1 SJ Web Edition


---------------------
; Table of Contents ;
---------------------
  1. Legal Notice
  2. Simulator Summary
  3. Simulator Settings
  4. Simulation Waveforms
  5. |SCOMP|altsyncram:memory|altsyncram_91h3:auto_generated|ALTSYNCRAM
  6. Coverage Summary
  7. Complete 1/0-Value Coverage
  8. Missing 1-Value Coverage
  9. Missing 0-Value Coverage
 10. Simulator INI Usage
 11. Simulator Messages



----------------
; Legal Notice ;
----------------
Copyright (C) 1991-2007 Altera Corporation
Your use of Altera Corporation's design tools, logic functions 
and other software and tools, and its AMPP partner logic 
functions, and any output files from any of the foregoing 
(including device programming or simulation files), and any 
associated documentation or information are expressly subject 
to the terms and conditions of the Altera Program License 
Subscription Agreement, Altera MegaCore Function License 
Agreement, or other applicable license agreement, including, 
without limitation, that your use is for the sole purpose of 
programming logic devices manufactured by Altera and sold by 
Altera or its authorized distributors.  Please refer to the 
applicable agreement for further details.



+--------------------------------------------+
; Simulator Summary                          ;
+-----------------------------+--------------+
; Type                        ; Value        ;
+-----------------------------+--------------+
; Simulation Start Time       ; 0 ps         ;
; Simulation End Time         ; 1.0 us       ;
; Simulation Netlist Size     ; 178 nodes    ;
; Simulation Coverage         ;      60.93 % ;
; Total Number of Transitions ; 1678         ;
; Simulation Breakpoints      ; 0            ;
; Family                      ; Cyclone II   ;
; Device                      ; EP2C35F672C6 ;
+-----------------------------+--------------+


+-------------------------------------------------------------------------------------------------------------------------+
; Simulator Settings                                                                                                      ;
+--------------------------------------------------------------------------------------------+------------+---------------+
; Option                                                                                     ; Setting    ; Default Value ;
+--------------------------------------------------------------------------------------------+------------+---------------+
; Simulation mode                                                                            ; Timing     ; Timing        ;
; Start time                                                                                 ; 0 ns       ; 0 ns          ;
; Simulation results format                                                                  ; CVWF       ;               ;
; Add pins automatically to simulation output waveforms                                      ; On         ; On            ;
; Check outputs                                                                              ; Off        ; Off           ;
; Report simulation coverage                                                                 ; On         ; On            ;
; Display complete 1/0 value coverage report                                                 ; On         ; On            ;
; Display missing 1-value coverage report                                                    ; On         ; On            ;
; Display missing 0-value coverage report                                                    ; On         ; On            ;
; Detect setup and hold time violations                                                      ; On         ; Off           ;
; Detect glitches                                                                            ; Off        ; Off           ;
; Disable timing delays in Timing Simulation                                                 ; Off        ; Off           ;
; Generate Signal Activity File                                                              ; Off        ; Off           ;
; Generate VCD File for PowerPlay Power Analyzer                                             ; Off        ; Off           ;
; Group bus channels in simulation results                                                   ; Off        ; Off           ;
; Preserve fewer signal transitions to reduce memory requirements                            ; On         ; On            ;
; Trigger vector comparison with the specified mode                                          ; INPUT_EDGE ; INPUT_EDGE    ;
; Disable setup and hold time violations detection in input registers of bi-directional pins ; Off        ; Off           ;
; Overwrite Waveform Inputs With Simulation Outputs                                          ; Off        ;               ;
; Perform Glitch Filtering in Timing Simulation                                              ; Auto       ; Auto          ;
+--------------------------------------------------------------------------------------------+------------+---------------+


+----------------------+
; Simulation Waveforms ;
+----------------------+
Waveform report data cannot be output to ASCII.
Please use Quartus II to view the waveform report data.


+--------------------------------------------------------------------+
; |SCOMP|altsyncram:memory|altsyncram_91h3:auto_generated|ALTSYNCRAM ;
+--------------------------------------------------------------------+
Memory report data cannot be output to ASCII.
Please use Quartus II to view the memory report data.


+--------------------------------------------------------------------+
; Coverage Summary                                                   ;
+-----------------------------------------------------+--------------+
; Type                                                ; Value        ;
+-----------------------------------------------------+--------------+
; Total coverage as a percentage                      ;      60.93 % ;
; Total nodes checked                                 ; 178          ;
; Total output ports checked                          ; 215          ;
; Total output ports with complete 1/0-value coverage ; 131          ;
; Total output ports with no 1/0-value coverage       ; 46           ;
; Total output ports with no 1-value coverage         ; 48           ;
; Total output ports with no 0-value coverage         ; 82           ;
+-----------------------------------------------------+--------------+


The following table displays output ports that toggle between 1 and 0 during simulation.
+-----------------------------------------------------------------------------------------------------------------------------------------------------------+
; Complete 1/0-Value Coverage                                                                                                                               ;
+----------------------------------------------------------------------+-----------------------------------------------------------------+------------------+
; Node Name                                                            ; Output Port Name                                                ; Output Port Type ;
+----------------------------------------------------------------------+-----------------------------------------------------------------+------------------+
; |SCOMP|program_counter[0]                                            ; |SCOMP|program_counter[0]                                       ; regout           ;
; |SCOMP|program_counter[1]                                            ; |SCOMP|program_counter[1]                                       ; regout           ;
; |SCOMP|altsyncram:memory|altsyncram_91h3:auto_generated|ram_block1a0 ; |SCOMP|altsyncram:memory|altsyncram_91h3:auto_generated|q_a[0]  ; portadataout0    ;
; |SCOMP|altsyncram:memory|altsyncram_91h3:auto_generated|ram_block1a0 ; |SCOMP|altsyncram:memory|altsyncram_91h3:auto_generated|q_a[1]  ; portadataout1    ;
; |SCOMP|altsyncram:memory|altsyncram_91h3:auto_generated|ram_block1a0 ; |SCOMP|altsyncram:memory|altsyncram_91h3:auto_generated|q_a[2]  ; portadataout2    ;
; |SCOMP|altsyncram:memory|altsyncram_91h3:auto_generated|ram_block1a0 ; |SCOMP|altsyncram:memory|altsyncram_91h3:auto_generated|q_a[3]  ; portadataout3    ;
; |SCOMP|altsyncram:memory|altsyncram_91h3:auto_generated|ram_block1a0 ; |SCOMP|altsyncram:memory|altsyncram_91h3:auto_generated|q_a[4]  ; portadataout4    ;
; |SCOMP|altsyncram:memory|altsyncram_91h3:auto_generated|ram_block1a0 ; |SCOMP|altsyncram:memory|altsyncram_91h3:auto_generated|q_a[5]  ; portadataout5    ;
; |SCOMP|altsyncram:memory|altsyncram_91h3:auto_generated|ram_block1a0 ; |SCOMP|altsyncram:memory|altsyncram_91h3:auto_generated|q_a[6]  ; portadataout6    ;
; |SCOMP|altsyncram:memory|altsyncram_91h3:auto_generated|ram_block1a0 ; |SCOMP|altsyncram:memory|altsyncram_91h3:auto_generated|q_a[7]  ; portadataout7    ;
; |SCOMP|altsyncram:memory|altsyncram_91h3:auto_generated|ram_block1a0 ; |SCOMP|altsyncram:memory|altsyncram_91h3:auto_generated|q_a[8]  ; portadataout8    ;
; |SCOMP|altsyncram:memory|altsyncram_91h3:auto_generated|ram_block1a0 ; |SCOMP|altsyncram:memory|altsyncram_91h3:auto_generated|q_a[9]  ; portadataout9    ;
; |SCOMP|altsyncram:memory|altsyncram_91h3:auto_generated|ram_block1a0 ; |SCOMP|altsyncram:memory|altsyncram_91h3:auto_generated|q_a[10] ; portadataout10   ;
; |SCOMP|altsyncram:memory|altsyncram_91h3:auto_generated|ram_block1a0 ; |SCOMP|altsyncram:memory|altsyncram_91h3:auto_generated|q_a[11] ; portadataout11   ;
; |SCOMP|altsyncram:memory|altsyncram_91h3:auto_generated|ram_block1a0 ; |SCOMP|altsyncram:memory|altsyncram_91h3:auto_generated|q_a[12] ; portadataout12   ;
; |SCOMP|altsyncram:memory|altsyncram_91h3:auto_generated|ram_block1a0 ; |SCOMP|altsyncram:memory|altsyncram_91h3:auto_generated|q_a[13] ; portadataout13   ;
; |SCOMP|altsyncram:memory|altsyncram_91h3:auto_generated|ram_block1a0 ; |SCOMP|altsyncram:memory|altsyncram_91h3:auto_generated|q_a[14] ; portadataout14   ;
; |SCOMP|altsyncram:memory|altsyncram_91h3:auto_generated|ram_block1a0 ; |SCOMP|altsyncram:memory|altsyncram_91h3:auto_generated|q_a[15] ; portadataout15   ;
; |SCOMP|instruction_register[0]                                       ; |SCOMP|instruction_register[0]                                  ; regout           ;
; |SCOMP|state.execute_jump                                            ; |SCOMP|state.execute_jump                                       ; regout           ;
; |SCOMP|state.decode                                                  ; |SCOMP|state.decode                                             ; regout           ;
; |SCOMP|state.execute_store                                           ; |SCOMP|state.execute_store                                      ; regout           ;
; |SCOMP|state.execute_store2                                          ; |SCOMP|state.execute_store2                                     ; regout           ;
; |SCOMP|WideOr7                                                       ; |SCOMP|WideOr7                                                  ; combout          ;
; |SCOMP|state.execute_add                                             ; |SCOMP|state.execute_add                                        ; regout           ;
; |SCOMP|state.execute_load                                            ; |SCOMP|state.execute_load                                       ; regout           ;
; |SCOMP|state.fetch                                                   ; |SCOMP|state.fetch                                              ; regout           ;
; |SCOMP|state.execute_store3                                          ; |SCOMP|state.execute_store3                                     ; regout           ;
; |SCOMP|WideOr6~12                                                    ; |SCOMP|WideOr6~12                                               ; combout          ;
; |SCOMP|Selector33~78                                                 ; |SCOMP|Selector33~78                                            ; combout          ;
; |SCOMP|instruction_register[1]                                       ; |SCOMP|instruction_register[1]                                  ; regout           ;
; |SCOMP|Selector32~78                                                 ; |SCOMP|Selector32~78                                            ; combout          ;
; |SCOMP|Selector31~78                                                 ; |SCOMP|Selector31~78                                            ; combout          ;
; |SCOMP|instruction_register[4]                                       ; |SCOMP|instruction_register[4]                                  ; regout           ;
; |SCOMP|Selector29~78                                                 ; |SCOMP|Selector29~78                                            ; combout          ;
; |SCOMP|Add0~164                                                      ; |SCOMP|Add0~164                                                 ; combout          ;
; |SCOMP|Add0~164                                                      ; |SCOMP|Add0~165                                                 ; cout             ;
; |SCOMP|Selector7~22                                                  ; |SCOMP|Selector7~22                                             ; combout          ;
; |SCOMP|program_counter[0]~54                                         ; |SCOMP|program_counter[0]~54                                    ; combout          ;
; |SCOMP|Add0~166                                                      ; |SCOMP|Add0~166                                                 ; combout          ;
; |SCOMP|Add0~166                                                      ; |SCOMP|Add0~167                                                 ; cout             ;
; |SCOMP|Selector6~22                                                  ; |SCOMP|Selector6~22                                             ; combout          ;
; |SCOMP|Add0~168                                                      ; |SCOMP|Add0~168                                                 ; combout          ;
; |SCOMP|Selector5~22                                                  ; |SCOMP|Selector5~22                                             ; combout          ;
; |SCOMP|Add1~392                                                      ; |SCOMP|Add1~392                                                 ; combout          ;
; |SCOMP|Add1~392                                                      ; |SCOMP|Add1~393                                                 ; cout             ;
; |SCOMP|Selector23~22                                                 ; |SCOMP|Selector23~22                                            ; combout          ;
; |SCOMP|register_AC[0]~86                                             ; |SCOMP|register_AC[0]~86                                        ; combout          ;
; |SCOMP|Add1~394                                                      ; |SCOMP|Add1~394                                                 ; combout          ;
; |SCOMP|Add1~394                                                      ; |SCOMP|Add1~395                                                 ; cout             ;
; |SCOMP|Selector22~22                                                 ; |SCOMP|Selector22~22                                            ; combout          ;
; |SCOMP|Add1~396                                                      ; |SCOMP|Add1~396                                                 ; combout          ;
; |SCOMP|Add1~396                                                      ; |SCOMP|Add1~397                                                 ; cout             ;
; |SCOMP|Selector21~22                                                 ; |SCOMP|Selector21~22                                            ; combout          ;
; |SCOMP|Add1~398                                                      ; |SCOMP|Add1~398                                                 ; combout          ;
; |SCOMP|Add1~398                                                      ; |SCOMP|Add1~399                                                 ; cout             ;
; |SCOMP|Selector20~22                                                 ; |SCOMP|Selector20~22                                            ; combout          ;
; |SCOMP|Add1~400                                                      ; |SCOMP|Add1~400                                                 ; combout          ;
; |SCOMP|Add1~400                                                      ; |SCOMP|Add1~401                                                 ; cout             ;
; |SCOMP|Selector19~22                                                 ; |SCOMP|Selector19~22                                            ; combout          ;
; |SCOMP|Add1~402                                                      ; |SCOMP|Add1~402                                                 ; combout          ;
; |SCOMP|Add1~402                                                      ; |SCOMP|Add1~403                                                 ; cout             ;
; |SCOMP|Selector18~22                                                 ; |SCOMP|Selector18~22                                            ; combout          ;
; |SCOMP|Add1~404                                                      ; |SCOMP|Add1~404                                                 ; combout          ;
; |SCOMP|Add1~404                                                      ; |SCOMP|Add1~405                                                 ; cout             ;
; |SCOMP|Selector17~22                                                 ; |SCOMP|Selector17~22                                            ; combout          ;
; |SCOMP|Add1~406                                                      ; |SCOMP|Add1~406                                                 ; combout          ;
; |SCOMP|Add1~406                                                      ; |SCOMP|Add1~407                                                 ; cout             ;
; |SCOMP|Selector16~22                                                 ; |SCOMP|Selector16~22                                            ; combout          ;
; |SCOMP|Add1~408                                                      ; |SCOMP|Add1~408                                                 ; combout          ;
; |SCOMP|Add1~408                                                      ; |SCOMP|Add1~409                                                 ; cout             ;
; |SCOMP|Selector15~22                                                 ; |SCOMP|Selector15~22                                            ; combout          ;
; |SCOMP|Add1~410                                                      ; |SCOMP|Add1~410                                                 ; combout          ;
; |SCOMP|Add1~410                                                      ; |SCOMP|Add1~411                                                 ; cout             ;
; |SCOMP|Selector14~22                                                 ; |SCOMP|Selector14~22                                            ; combout          ;
; |SCOMP|Add1~412                                                      ; |SCOMP|Add1~412                                                 ; combout          ;
; |SCOMP|Add1~412                                                      ; |SCOMP|Add1~413                                                 ; cout             ;
; |SCOMP|Selector13~22                                                 ; |SCOMP|Selector13~22                                            ; combout          ;
; |SCOMP|Add1~414                                                      ; |SCOMP|Add1~414                                                 ; combout          ;
; |SCOMP|Add1~414                                                      ; |SCOMP|Add1~415                                                 ; cout             ;
; |SCOMP|Selector12~22                                                 ; |SCOMP|Selector12~22                                            ; combout          ;
; |SCOMP|Add1~416                                                      ; |SCOMP|Add1~416                                                 ; combout          ;
; |SCOMP|Add1~416                                                      ; |SCOMP|Add1~417                                                 ; cout             ;
; |SCOMP|Selector11~22                                                 ; |SCOMP|Selector11~22                                            ; combout          ;
; |SCOMP|Add1~418                                                      ; |SCOMP|Add1~418                                                 ; combout          ;
; |SCOMP|Add1~418                                                      ; |SCOMP|Add1~419                                                 ; cout             ;
; |SCOMP|Selector10~22                                                 ; |SCOMP|Selector10~22                                            ; combout          ;
; |SCOMP|Add1~420                                                      ; |SCOMP|Add1~420                                                 ; combout          ;
; |SCOMP|Add1~420                                                      ; |SCOMP|Add1~421                                                 ; cout             ;
; |SCOMP|Selector9~22                                                  ; |SCOMP|Selector9~22                                             ; combout          ;
; |SCOMP|Add1~422                                                      ; |SCOMP|Add1~422                                                 ; combout          ;
; |SCOMP|Selector8~22                                                  ; |SCOMP|Selector8~22                                             ; combout          ;
; |SCOMP|memory_write                                                  ; |SCOMP|memory_write                                             ; regout           ;
; |SCOMP|instruction_register[0]~567                                   ; |SCOMP|instruction_register[0]~567                              ; combout          ;
; |SCOMP|instruction_register[8]                                       ; |SCOMP|instruction_register[8]                                  ; regout           ;
; |SCOMP|instruction_register[9]                                       ; |SCOMP|instruction_register[9]                                  ; regout           ;
; |SCOMP|state~109                                                     ; |SCOMP|state~109                                                ; combout          ;
; |SCOMP|state~110                                                     ; |SCOMP|state~110                                                ; combout          ;
; |SCOMP|state~111                                                     ; |SCOMP|state~111                                                ; combout          ;
; |SCOMP|state~112                                                     ; |SCOMP|state~112                                                ; combout          ;
; |SCOMP|state.fetch~46                                                ; |SCOMP|state.fetch~46                                           ; combout          ;
; |SCOMP|Selector25~99                                                 ; |SCOMP|Selector25~99                                            ; combout          ;
; |SCOMP|memory_write~57                                               ; |SCOMP|memory_write~57                                          ; combout          ;
; |SCOMP|memory_write~58                                               ; |SCOMP|memory_write~58                                          ; combout          ;
; |SCOMP|clock                                                         ; |SCOMP|clock~corein                                             ; combout          ;
; |SCOMP|program_counter_out[0]                                        ; |SCOMP|program_counter_out[0]                                   ; padio            ;
; |SCOMP|program_counter_out[1]                                        ; |SCOMP|program_counter_out[1]                                   ; padio            ;
; |SCOMP|memory_data_register_out[0]                                   ; |SCOMP|memory_data_register_out[0]                              ; padio            ;
; |SCOMP|memory_data_register_out[1]                                   ; |SCOMP|memory_data_register_out[1]                              ; padio            ;
; |SCOMP|memory_data_register_out[2]                                   ; |SCOMP|memory_data_register_out[2]                              ; padio            ;
; |SCOMP|memory_data_register_out[3]                                   ; |SCOMP|memory_data_register_out[3]                              ; padio            ;
; |SCOMP|memory_data_register_out[4]                                   ; |SCOMP|memory_data_register_out[4]                              ; padio            ;
; |SCOMP|memory_data_register_out[5]                                   ; |SCOMP|memory_data_register_out[5]                              ; padio            ;
; |SCOMP|memory_data_register_out[6]                                   ; |SCOMP|memory_data_register_out[6]                              ; padio            ;
; |SCOMP|memory_data_register_out[7]                                   ; |SCOMP|memory_data_register_out[7]                              ; padio            ;
; |SCOMP|memory_data_register_out[8]                                   ; |SCOMP|memory_data_register_out[8]                              ; padio            ;
; |SCOMP|memory_data_register_out[9]                                   ; |SCOMP|memory_data_register_out[9]                              ; padio            ;
; |SCOMP|memory_data_register_out[10]                                  ; |SCOMP|memory_data_register_out[10]                             ; padio            ;
; |SCOMP|memory_data_register_out[11]                                  ; |SCOMP|memory_data_register_out[11]                             ; padio            ;
; |SCOMP|memory_data_register_out[12]                                  ; |SCOMP|memory_data_register_out[12]                             ; padio            ;
; |SCOMP|memory_data_register_out[13]                                  ; |SCOMP|memory_data_register_out[13]                             ; padio            ;
; |SCOMP|memory_data_register_out[14]                                  ; |SCOMP|memory_data_register_out[14]                             ; padio            ;
; |SCOMP|memory_data_register_out[15]                                  ; |SCOMP|memory_data_register_out[15]                             ; padio            ;
; |SCOMP|memory_address_register_out[0]                                ; |SCOMP|memory_address_register_out[0]                           ; padio            ;
; |SCOMP|memory_address_register_out[1]                                ; |SCOMP|memory_address_register_out[1]                           ; padio            ;
; |SCOMP|memory_address_register_out[2]                                ; |SCOMP|memory_address_register_out[2]                           ; padio            ;
; |SCOMP|memory_address_register_out[4]                                ; |SCOMP|memory_address_register_out[4]                           ; padio            ;
; |SCOMP|clock~clkctrl                                                 ; |SCOMP|clock~clkctrl                                            ; outclk           ;
; |SCOMP|instruction_register[8]~feeder                                ; |SCOMP|instruction_register[8]~feeder                           ; combout          ;
; |SCOMP|instruction_register[9]~feeder                                ; |SCOMP|instruction_register[9]~feeder                           ; combout          ;
; |SCOMP|instruction_register[14]~feeder                               ; |SCOMP|instruction_register[14]~feeder                          ; combout          ;
+----------------------------------------------------------------------+-----------------------------------------------------------------+------------------+


The following table displays output ports that do not toggle to 1 during simulation.
+--------------------------------------------------------------------------------------------------+
; Missing 1-Value Coverage                                                                         ;
+---------------------------------------+---------------------------------------+------------------+
; Node Name                             ; Output Port Name                      ; Output Port Type ;
+---------------------------------------+---------------------------------------+------------------+
; |SCOMP|program_counter[3]             ; |SCOMP|program_counter[3]             ; regout           ;
; |SCOMP|program_counter[4]             ; |SCOMP|program_counter[4]             ; regout           ;
; |SCOMP|program_counter[5]             ; |SCOMP|program_counter[5]             ; regout           ;
; |SCOMP|program_counter[6]             ; |SCOMP|program_counter[6]             ; regout           ;
; |SCOMP|program_counter[7]             ; |SCOMP|program_counter[7]             ; regout           ;
; |SCOMP|instruction_register[3]        ; |SCOMP|instruction_register[3]        ; regout           ;
; |SCOMP|Selector30~78                  ; |SCOMP|Selector30~78                  ; combout          ;
; |SCOMP|instruction_register[5]        ; |SCOMP|instruction_register[5]        ; regout           ;
; |SCOMP|Selector28~78                  ; |SCOMP|Selector28~78                  ; combout          ;
; |SCOMP|instruction_register[6]        ; |SCOMP|instruction_register[6]        ; regout           ;
; |SCOMP|Selector27~78                  ; |SCOMP|Selector27~78                  ; combout          ;
; |SCOMP|instruction_register[7]        ; |SCOMP|instruction_register[7]        ; regout           ;
; |SCOMP|Selector26~78                  ; |SCOMP|Selector26~78                  ; combout          ;
; |SCOMP|Add0~168                       ; |SCOMP|Add0~169                       ; cout             ;
; |SCOMP|Add0~170                       ; |SCOMP|Add0~170                       ; combout          ;
; |SCOMP|Add0~170                       ; |SCOMP|Add0~171                       ; cout             ;
; |SCOMP|Selector4~22                   ; |SCOMP|Selector4~22                   ; combout          ;
; |SCOMP|Add0~172                       ; |SCOMP|Add0~172                       ; combout          ;
; |SCOMP|Add0~172                       ; |SCOMP|Add0~173                       ; cout             ;
; |SCOMP|Selector3~22                   ; |SCOMP|Selector3~22                   ; combout          ;
; |SCOMP|Add0~174                       ; |SCOMP|Add0~174                       ; combout          ;
; |SCOMP|Add0~174                       ; |SCOMP|Add0~175                       ; cout             ;
; |SCOMP|Selector2~22                   ; |SCOMP|Selector2~22                   ; combout          ;
; |SCOMP|Add0~176                       ; |SCOMP|Add0~176                       ; combout          ;
; |SCOMP|Add0~176                       ; |SCOMP|Add0~177                       ; cout             ;
; |SCOMP|Selector1~22                   ; |SCOMP|Selector1~22                   ; combout          ;
; |SCOMP|Add0~178                       ; |SCOMP|Add0~178                       ; combout          ;
; |SCOMP|Selector0~22                   ; |SCOMP|Selector0~22                   ; combout          ;
; |SCOMP|instruction_register[15]       ; |SCOMP|instruction_register[15]       ; regout           ;
; |SCOMP|instruction_register[14]       ; |SCOMP|instruction_register[14]       ; regout           ;
; |SCOMP|instruction_register[13]       ; |SCOMP|instruction_register[13]       ; regout           ;
; |SCOMP|instruction_register[12]       ; |SCOMP|instruction_register[12]       ; regout           ;
; |SCOMP|state~107                      ; |SCOMP|state~107                      ; combout          ;
; |SCOMP|instruction_register[11]       ; |SCOMP|instruction_register[11]       ; regout           ;
; |SCOMP|instruction_register[10]       ; |SCOMP|instruction_register[10]       ; regout           ;
; |SCOMP|state~108                      ; |SCOMP|state~108                      ; combout          ;
; |SCOMP|reset                          ; |SCOMP|reset~corein                   ; combout          ;
; |SCOMP|program_counter_out[3]         ; |SCOMP|program_counter_out[3]         ; padio            ;
; |SCOMP|program_counter_out[4]         ; |SCOMP|program_counter_out[4]         ; padio            ;
; |SCOMP|program_counter_out[5]         ; |SCOMP|program_counter_out[5]         ; padio            ;
; |SCOMP|program_counter_out[6]         ; |SCOMP|program_counter_out[6]         ; padio            ;
; |SCOMP|program_counter_out[7]         ; |SCOMP|program_counter_out[7]         ; padio            ;
; |SCOMP|memory_address_register_out[3] ; |SCOMP|memory_address_register_out[3] ; padio            ;
; |SCOMP|memory_address_register_out[5] ; |SCOMP|memory_address_register_out[5] ; padio            ;
; |SCOMP|memory_address_register_out[6] ; |SCOMP|memory_address_register_out[6] ; padio            ;
; |SCOMP|memory_address_register_out[7] ; |SCOMP|memory_address_register_out[7] ; padio            ;
; |SCOMP|reset~clkctrl                  ; |SCOMP|reset~clkctrl                  ; outclk           ;
; |SCOMP|state.reset_pc~feeder          ; |SCOMP|state.reset_pc~feeder          ; combout          ;
+---------------------------------------+---------------------------------------+------------------+


The following table displays output ports that do not toggle to 0 during simulation.
+--------------------------------------------------------------------------------------------------+
; Missing 0-Value Coverage                                                                         ;
+---------------------------------------+---------------------------------------+------------------+
; Node Name                             ; Output Port Name                      ; Output Port Type ;
+---------------------------------------+---------------------------------------+------------------+
; |SCOMP|program_counter[2]             ; |SCOMP|program_counter[2]             ; regout           ;
; |SCOMP|program_counter[3]             ; |SCOMP|program_counter[3]             ; regout           ;
; |SCOMP|program_counter[4]             ; |SCOMP|program_counter[4]             ; regout           ;
; |SCOMP|program_counter[5]             ; |SCOMP|program_counter[5]             ; regout           ;
; |SCOMP|program_counter[6]             ; |SCOMP|program_counter[6]             ; regout           ;
; |SCOMP|program_counter[7]             ; |SCOMP|program_counter[7]             ; regout           ;
; |SCOMP|register_AC[0]                 ; |SCOMP|register_AC[0]                 ; regout           ;
; |SCOMP|register_AC[1]                 ; |SCOMP|register_AC[1]                 ; regout           ;
; |SCOMP|register_AC[2]                 ; |SCOMP|register_AC[2]                 ; regout           ;
; |SCOMP|register_AC[3]                 ; |SCOMP|register_AC[3]                 ; regout           ;
; |SCOMP|register_AC[4]                 ; |SCOMP|register_AC[4]                 ; regout           ;
; |SCOMP|register_AC[5]                 ; |SCOMP|register_AC[5]                 ; regout           ;
; |SCOMP|register_AC[6]                 ; |SCOMP|register_AC[6]                 ; regout           ;
; |SCOMP|register_AC[7]                 ; |SCOMP|register_AC[7]                 ; regout           ;
; |SCOMP|register_AC[8]                 ; |SCOMP|register_AC[8]                 ; regout           ;
; |SCOMP|register_AC[9]                 ; |SCOMP|register_AC[9]                 ; regout           ;
; |SCOMP|register_AC[10]                ; |SCOMP|register_AC[10]                ; regout           ;
; |SCOMP|register_AC[11]                ; |SCOMP|register_AC[11]                ; regout           ;
; |SCOMP|register_AC[12]                ; |SCOMP|register_AC[12]                ; regout           ;
; |SCOMP|register_AC[13]                ; |SCOMP|register_AC[13]                ; regout           ;
; |SCOMP|register_AC[14]                ; |SCOMP|register_AC[14]                ; regout           ;
; |SCOMP|register_AC[15]                ; |SCOMP|register_AC[15]                ; regout           ;
; |SCOMP|instruction_register[2]        ; |SCOMP|instruction_register[2]        ; regout           ;
; |SCOMP|instruction_register[3]        ; |SCOMP|instruction_register[3]        ; regout           ;
; |SCOMP|Selector30~78                  ; |SCOMP|Selector30~78                  ; combout          ;
; |SCOMP|instruction_register[5]        ; |SCOMP|instruction_register[5]        ; regout           ;
; |SCOMP|Selector28~78                  ; |SCOMP|Selector28~78                  ; combout          ;
; |SCOMP|instruction_register[6]        ; |SCOMP|instruction_register[6]        ; regout           ;
; |SCOMP|Selector27~78                  ; |SCOMP|Selector27~78                  ; combout          ;
; |SCOMP|instruction_register[7]        ; |SCOMP|instruction_register[7]        ; regout           ;
; |SCOMP|Selector26~78                  ; |SCOMP|Selector26~78                  ; combout          ;
; |SCOMP|state.reset_pc                 ; |SCOMP|state.reset_pc                 ; regout           ;
; |SCOMP|Add0~168                       ; |SCOMP|Add0~169                       ; cout             ;
; |SCOMP|Add0~170                       ; |SCOMP|Add0~170                       ; combout          ;
; |SCOMP|Add0~170                       ; |SCOMP|Add0~171                       ; cout             ;
; |SCOMP|Selector4~22                   ; |SCOMP|Selector4~22                   ; combout          ;
; |SCOMP|Add0~172                       ; |SCOMP|Add0~172                       ; combout          ;
; |SCOMP|Add0~172                       ; |SCOMP|Add0~173                       ; cout             ;
; |SCOMP|Selector3~22                   ; |SCOMP|Selector3~22                   ; combout          ;
; |SCOMP|Add0~174                       ; |SCOMP|Add0~174                       ; combout          ;
; |SCOMP|Add0~174                       ; |SCOMP|Add0~175                       ; cout             ;
; |SCOMP|Selector2~22                   ; |SCOMP|Selector2~22                   ; combout          ;
; |SCOMP|Add0~176                       ; |SCOMP|Add0~176                       ; combout          ;
; |SCOMP|Add0~176                       ; |SCOMP|Add0~177                       ; cout             ;
; |SCOMP|Selector1~22                   ; |SCOMP|Selector1~22                   ; combout          ;
; |SCOMP|Add0~178                       ; |SCOMP|Add0~178                       ; combout          ;
; |SCOMP|Selector0~22                   ; |SCOMP|Selector0~22                   ; combout          ;
; |SCOMP|instruction_register[15]       ; |SCOMP|instruction_register[15]       ; regout           ;
; |SCOMP|instruction_register[14]       ; |SCOMP|instruction_register[14]       ; regout           ;
; |SCOMP|instruction_register[13]       ; |SCOMP|instruction_register[13]       ; regout           ;
; |SCOMP|instruction_register[12]       ; |SCOMP|instruction_register[12]       ; regout           ;
; |SCOMP|state~107                      ; |SCOMP|state~107                      ; combout          ;
; |SCOMP|instruction_register[11]       ; |SCOMP|instruction_register[11]       ; regout           ;
; |SCOMP|instruction_register[10]       ; |SCOMP|instruction_register[10]       ; regout           ;
; |SCOMP|state~108                      ; |SCOMP|state~108                      ; combout          ;
; |SCOMP|program_counter_out[2]         ; |SCOMP|program_counter_out[2]         ; padio            ;
; |SCOMP|program_counter_out[3]         ; |SCOMP|program_counter_out[3]         ; padio            ;
; |SCOMP|program_counter_out[4]         ; |SCOMP|program_counter_out[4]         ; padio            ;
; |SCOMP|program_counter_out[5]         ; |SCOMP|program_counter_out[5]         ; padio            ;
; |SCOMP|program_counter_out[6]         ; |SCOMP|program_counter_out[6]         ; padio            ;
; |SCOMP|program_counter_out[7]         ; |SCOMP|program_counter_out[7]         ; padio            ;
; |SCOMP|register_AC_out[0]             ; |SCOMP|register_AC_out[0]             ; padio            ;
; |SCOMP|register_AC_out[1]             ; |SCOMP|register_AC_out[1]             ; padio            ;
; |SCOMP|register_AC_out[2]             ; |SCOMP|register_AC_out[2]             ; padio            ;
; |SCOMP|register_AC_out[3]             ; |SCOMP|register_AC_out[3]             ; padio            ;
; |SCOMP|register_AC_out[4]             ; |SCOMP|register_AC_out[4]             ; padio            ;
; |SCOMP|register_AC_out[5]             ; |SCOMP|register_AC_out[5]             ; padio            ;
; |SCOMP|register_AC_out[6]             ; |SCOMP|register_AC_out[6]             ; padio            ;
; |SCOMP|register_AC_out[7]             ; |SCOMP|register_AC_out[7]             ; padio            ;
; |SCOMP|register_AC_out[8]             ; |SCOMP|register_AC_out[8]             ; padio            ;
; |SCOMP|register_AC_out[9]             ; |SCOMP|register_AC_out[9]             ; padio            ;
; |SCOMP|register_AC_out[10]            ; |SCOMP|register_AC_out[10]            ; padio            ;
; |SCOMP|register_AC_out[11]            ; |SCOMP|register_AC_out[11]            ; padio            ;
; |SCOMP|register_AC_out[12]            ; |SCOMP|register_AC_out[12]            ; padio            ;
; |SCOMP|register_AC_out[13]            ; |SCOMP|register_AC_out[13]            ; padio            ;
; |SCOMP|register_AC_out[14]            ; |SCOMP|register_AC_out[14]            ; padio            ;
; |SCOMP|register_AC_out[15]            ; |SCOMP|register_AC_out[15]            ; padio            ;
; |SCOMP|memory_address_register_out[3] ; |SCOMP|memory_address_register_out[3] ; padio            ;
; |SCOMP|memory_address_register_out[5] ; |SCOMP|memory_address_register_out[5] ; padio            ;
; |SCOMP|memory_address_register_out[6] ; |SCOMP|memory_address_register_out[6] ; padio            ;
; |SCOMP|memory_address_register_out[7] ; |SCOMP|memory_address_register_out[7] ; padio            ;
; |SCOMP|state.reset_pc~feeder          ; |SCOMP|state.reset_pc~feeder          ; combout          ;
+---------------------------------------+---------------------------------------+------------------+


+---------------------+
; Simulator INI Usage ;
+--------+------------+
; Option ; Usage      ;
+--------+------------+


+--------------------+
; Simulator Messages ;
+--------------------+
Info: *******************************************************************
Info: Running Quartus II Simulator
    Info: Version 7.1 Build 178 06/25/2007 Service Pack 1 SJ Web Edition
    Info: Processing started: Mon Jul 09 14:51:35 2007
Info: Command: quartus_sim --read_settings_files=on --write_settings_files=off scomp -c scomp
Info: Using vector source file "C:/DVD_image/booksoft_fe/DE2/CHAP9/scomp.vwf"
Info: Option to preserve fewer signal transitions to reduce memory requirements is enabled
    Info: Simulation has been partitioned into sub-simulations according to the maximum transition count determined by the engine. Transitions from memory will be flushed out to disk at the end of each sub-simulation to reduce memory requirements.
Info: Simulation partitioned into 1 sub-simulations
Info: Simulation coverage is      60.93 %
Info: Number of transitions in simulation is 1678
Info: Quartus II Simulator was successful. 0 errors, 0 warnings
    Info: Allocated 99 megabytes of memory during processing
    Info: Processing ended: Mon Jul 09 14:51:38 2007
    Info: Elapsed time: 00:00:03


